<?xml version="1.0" encoding="UTF-8" ?>
<testsuite tests="1" failures="0" name="ValidacaoRunnerTest" time="0.025" errors="1" skipped="0">
  <properties>
    <property name="java.runtime.name" value="Java(TM) SE Runtime Environment"/>
    <property name="sun.boot.library.path" value="C:\Program Files\Java\jre8\bin"/>
    <property name="java.vm.version" value="25.5-b02"/>
    <property name="java.vm.vendor" value="Oracle Corporation"/>
    <property name="java.vendor.url" value="http://java.oracle.com/"/>
    <property name="path.separator" value=";"/>
    <property name="guice.disable.misplaced.annotation.check" value="true"/>
    <property name="java.vm.name" value="Java HotSpot(TM) 64-Bit Server VM"/>
    <property name="file.encoding.pkg" value="sun.io"/>
    <property name="user.script" value=""/>
    <property name="user.country" value="BR"/>
    <property name="sun.java.launcher" value="SUN_STANDARD"/>
    <property name="sun.os.patch.level" value=""/>
    <property name="java.vm.specification.name" value="Java Virtual Machine Specification"/>
    <property name="user.dir" value="D:\Desenvolvimento\Workspaces\RTSTreinamento\TurmaJunho"/>
    <property name="java.runtime.version" value="1.8.0_05-b13"/>
    <property name="java.awt.graphicsenv" value="sun.awt.Win32GraphicsEnvironment"/>
    <property name="java.endorsed.dirs" value="C:\Program Files\Java\jre8\lib\endorsed"/>
    <property name="os.arch" value="amd64"/>
    <property name="java.io.tmpdir" value="C:\Users\Rodrigo\AppData\Local\Temp\"/>
    <property name="line.separator" value="
"/>
    <property name="java.vm.specification.vendor" value="Oracle Corporation"/>
    <property name="user.variant" value=""/>
    <property name="os.name" value="Windows 8.1"/>
    <property name="classworlds.conf" value="D:\Desenvolvimento\Workspaces\RTSTreinamento\.metadata\.plugins\org.eclipse.m2e.launching\launches\m2conf1109630162812274749.tmp"/>
    <property name="sun.jnu.encoding" value="Cp1252"/>
    <property name="java.library.path" value="C:\Program Files\Java\jre8\bin;C:\WINDOWS\Sun\Java\bin;C:\WINDOWS\system32;C:\WINDOWS;C:\Oracle\product\11.2.0\client\bin;C:\Program Files (x86)\Intel\iCLS Client\;C:\Program Files\Intel\iCLS Client\;C:\WINDOWS\system32;C:\WINDOWS;C:\WINDOWS\System32\Wbem;C:\WINDOWS\System32\WindowsPowerShell\v1.0\;C:\Program Files\TortoiseSVN\bin;C:\Program Files (x86)\Java\jdk1.6.0_45\bin;D:\sources\trunk\wms-silt\dist\bpl;C:\Program Files\Intel\Intel(R) Management Engine Components\DAL;C:\Program Files\Intel\Intel(R) Management Engine Components\IPT;C:\Program Files (x86)\Intel\Intel(R) Management Engine Components\DAL;C:\Program Files (x86)\Intel\Intel(R) Management Engine Components\IPT;D:\Desenvolvimento\liquibase-3.1.1-bin;D:\Desenvolvimento\apache-maven-3.2.1\bin;D:\Desenvolvimento\dbmaintain-2.4;."/>
    <property name="java.specification.name" value="Java Platform API Specification"/>
    <property name="java.class.version" value="52.0"/>
    <property name="sun.management.compiler" value="HotSpot 64-Bit Tiered Compilers"/>
    <property name="os.version" value="6.3"/>
    <property name="user.home" value="C:\Users\Rodrigo"/>
    <property name="user.timezone" value="America/Sao_Paulo"/>
    <property name="java.awt.printerjob" value="sun.awt.windows.WPrinterJob"/>
    <property name="java.specification.version" value="1.8"/>
    <property name="file.encoding" value="Cp1252"/>
    <property name="user.name" value="Rodrigo"/>
    <property name="java.class.path" value="/D:/Desenvolvimento/eclipse/configuration/org.eclipse.osgi/bundles/535/1/.cp/jars/plexus-classworlds-2.4.jar"/>
    <property name="java.vm.specification.version" value="1.8"/>
    <property name="sun.arch.data.model" value="64"/>
    <property name="java.home" value="C:\Program Files\Java\jre8"/>
    <property name="sun.java.command" value="org.codehaus.plexus.classworlds.launcher.Launcher -B test"/>
    <property name="java.specification.vendor" value="Oracle Corporation"/>
    <property name="user.language" value="pt"/>
    <property name="awt.toolkit" value="sun.awt.windows.WToolkit"/>
    <property name="java.vm.info" value="mixed mode"/>
    <property name="java.version" value="1.8.0_05"/>
    <property name="java.ext.dirs" value="C:\Program Files\Java\jre8\lib\ext;C:\WINDOWS\Sun\Java\lib\ext"/>
    <property name="sun.boot.class.path" value="C:\Program Files\Java\jre8\lib\resources.jar;C:\Program Files\Java\jre8\lib\rt.jar;C:\Program Files\Java\jre8\lib\sunrsasign.jar;C:\Program Files\Java\jre8\lib\jsse.jar;C:\Program Files\Java\jre8\lib\jce.jar;C:\Program Files\Java\jre8\lib\charsets.jar;C:\Program Files\Java\jre8\lib\jfr.jar;C:\Program Files\Java\jre8\classes"/>
    <property name="java.vendor" value="Oracle Corporation"/>
    <property name="maven.home" value="D:\Desenvolvimento\Workspaces\RTSTreinamento\TurmaJunho\EMBEDDED"/>
    <property name="file.separator" value="\"/>
    <property name="java.vendor.url.bug" value="http://bugreport.sun.com/bugreport/"/>
    <property name="maven.bootclasspath" value="/D:/Desenvolvimento/eclipse/configuration/org.eclipse.osgi/bundles/535/1/.cp/jars/plexus-classworlds-2.4.jar"/>
    <property name="sun.cpu.endian" value="little"/>
    <property name="sun.io.unicode.encoding" value="UnicodeLittle"/>
    <property name="sun.desktop" value="windows"/>
    <property name="sun.cpu.isalist" value="amd64"/>
  </properties>
  <testcase classname="ValidacaoRunnerTest" name="initializationError" time="0.005">
    <error message="Bad tag: &quot;validação&quot;" type="gherkin.TagExpression$BadTagException">gherkin.TagExpression$BadTagException: Bad tag: &quot;validação&quot;
	at gherkin.TagExpression$TagExp.&lt;init&gt;(TagExpression.java:122)
	at gherkin.TagExpression.add(TagExpression.java:57)
	at gherkin.TagExpression.&lt;init&gt;(TagExpression.java:17)
	at gherkin.formatter.TagFilter.&lt;init&gt;(TagFilter.java:14)
	at gherkin.formatter.FilterFormatter.detectFilter(FilterFormatter.java:64)
	at gherkin.formatter.FilterFormatter.&lt;init&gt;(FilterFormatter.java:41)
	at cucumber.runtime.FeatureBuilder.parse(FeatureBuilder.java:116)
	at cucumber.runtime.model.CucumberFeature.load(CucumberFeature.java:52)
	at cucumber.runtime.model.CucumberFeature.load(CucumberFeature.java:33)
	at cucumber.runtime.RuntimeOptions.cucumberFeatures(RuntimeOptions.java:143)
	at cucumber.api.junit.Cucumber.&lt;init&gt;(Cucumber.java:67)
	at sun.reflect.NativeConstructorAccessorImpl.newInstance0(Native Method)
	at sun.reflect.NativeConstructorAccessorImpl.newInstance(Unknown Source)
	at sun.reflect.DelegatingConstructorAccessorImpl.newInstance(Unknown Source)
	at java.lang.reflect.Constructor.newInstance(Unknown Source)
	at org.junit.internal.builders.AnnotatedBuilder.buildRunner(AnnotatedBuilder.java:29)
	at org.junit.internal.builders.AnnotatedBuilder.runnerForClass(AnnotatedBuilder.java:21)
	at org.junit.runners.model.RunnerBuilder.safeRunnerForClass(RunnerBuilder.java:59)
	at org.junit.internal.builders.AllDefaultPossibilitiesBuilder.runnerForClass(AllDefaultPossibilitiesBuilder.java:26)
	at org.junit.runners.model.RunnerBuilder.safeRunnerForClass(RunnerBuilder.java:59)
	at org.junit.internal.requests.ClassRequest.getRunner(ClassRequest.java:26)
	at org.apache.maven.surefire.junit4.JUnit4TestSet.execute(JUnit4TestSet.java:51)
	at org.apache.maven.surefire.junit4.JUnit4Provider.executeTestSet(JUnit4Provider.java:123)
	at org.apache.maven.surefire.junit4.JUnit4Provider.invoke(JUnit4Provider.java:104)
	at sun.reflect.NativeMethodAccessorImpl.invoke0(Native Method)
	at sun.reflect.NativeMethodAccessorImpl.invoke(Unknown Source)
	at sun.reflect.DelegatingMethodAccessorImpl.invoke(Unknown Source)
	at java.lang.reflect.Method.invoke(Unknown Source)
	at org.apache.maven.surefire.util.ReflectionUtils.invokeMethodWithArray(ReflectionUtils.java:164)
	at org.apache.maven.surefire.booter.ProviderFactory$ProviderProxy.invoke(ProviderFactory.java:110)
	at org.apache.maven.surefire.booter.SurefireStarter.invokeProvider(SurefireStarter.java:175)
	at org.apache.maven.surefire.booter.SurefireStarter.runSuitesInProcessWhenForked(SurefireStarter.java:107)
	at org.apache.maven.surefire.booter.ForkedBooter.main(ForkedBooter.java:68)
</error>
    <system-out>
6 Scenarios (&amp;#27;[33m6 pending&amp;#27;[0m)
28 Steps (&amp;#27;[36m22 skipped&amp;#27;[0m, &amp;#27;[33m6 pending&amp;#27;[0m)
0m0,004s

cucumber.api.PendingException: TODO: implement me
	at rtstreinamento.turmajunho.PesquisaProdutoSteps.que_eu_esteja_na_página_de_pesquisa_de_produto(PesquisaProdutoSteps.java:13)
	at ?.Dado que eu esteja na página de pesquisa de produto(rtstreinamento/turmajunho/PesquisaProduto.feature:5)

cucumber.api.PendingException: TODO: implement me
	at rtstreinamento.turmajunho.PesquisaProdutoSteps.que_eu_esteja_na_página_de_pesquisa_de_produto(PesquisaProdutoSteps.java:13)
	at ?.Dado que eu esteja na página de pesquisa de produto(rtstreinamento/turmajunho/PesquisaProduto.feature:5)

cucumber.api.PendingException: TODO: implement me
	at rtstreinamento.turmajunho.PesquisaProdutoSteps.que_eu_esteja_na_página_de_pesquisa_de_produto(PesquisaProdutoSteps.java:13)
	at ?.Dado que eu esteja na página de pesquisa de produto(rtstreinamento/turmajunho/PesquisaProduto.feature:5)

cucumber.api.PendingException: TODO: implement me
	at rtstreinamento.turmajunho.PesquisaProdutoSteps.que_eu_esteja_na_página_de_pesquisa_de_produto(PesquisaProdutoSteps.java:13)
	at ?.Dado que eu esteja na página de pesquisa de produto(rtstreinamento/turmajunho/PesquisaProduto.feature:5)

cucumber.api.PendingException: TODO: implement me
	at rtstreinamento.turmajunho.PesquisaProdutoSteps.que_eu_esteja_na_página_de_pesquisa_de_produto(PesquisaProdutoSteps.java:13)
	at ?.Dado que eu esteja na página de pesquisa de produto(rtstreinamento/turmajunho/PesquisaProduto.feature:5)

cucumber.api.PendingException: TODO: implement me
	at rtstreinamento.turmajunho.PesquisaProdutoSteps.que_eu_esteja_na_página_de_pesquisa_de_produto(PesquisaProdutoSteps.java:13)
	at ?.Dado que eu esteja na página de pesquisa de produto(rtstreinamento/turmajunho/PesquisaProduto.feature:5)

</system-out>
  </testcase>
</testsuite>